/*C3*/SET SCHEMA PUBLIC
drop table Book if exists
drop table Disc if exists
create table Book (Isbn varchar(255) not null, title varchar(255), Author varchar(255), primary key (Isbn))
create table Disc (Barcode varchar(255) not null, title varchar(255), Director varchar(255), Fsk integer, primary key (Barcode))
/*C4*/SET SCHEMA PUBLIC
drop table Book if exists
drop table Disc if exists
create table Book (Isbn varchar(255) not null, title varchar(255), Author varchar(255), primary key (Isbn))
create table Disc (Barcode varchar(255) not null, title varchar(255), Director varchar(255), Fsk integer, primary key (Barcode))
/*C5*/SET SCHEMA PUBLIC
drop table Book if exists
drop table Disc if exists
create table Book (Isbn varchar(255) not null, title varchar(255), Author varchar(255), primary key (Isbn))
create table Disc (Barcode varchar(255) not null, title varchar(255), Director varchar(255), Fsk integer, primary key (Barcode))
/*C4*/INSERT INTO BOOK VALUES('','','')
COMMIT
/*C6*/SET SCHEMA PUBLIC
drop table Book if exists
drop table Disc if exists
create table Book (Isbn varchar(255) not null, title varchar(255), Author varchar(255), primary key (Isbn))
create table Disc (Barcode varchar(255) not null, title varchar(255), Director varchar(255), Fsk integer, primary key (Barcode))
/*C5*/INSERT INTO DISC VALUES('','','',0)
COMMIT
/*C7*/SET SCHEMA PUBLIC
drop table Book if exists
drop table Disc if exists
create table Book (Isbn varchar(255) not null, title varchar(255), Author varchar(255), primary key (Isbn))
create table Disc (Barcode varchar(255) not null, title varchar(255), Director varchar(255), Fsk integer, primary key (Barcode))
/*C6*/INSERT INTO DISC VALUES('abcde','','',0)
COMMIT
INSERT INTO BOOK VALUES('abcde','','')
COMMIT
/*C8*/SET SCHEMA PUBLIC
drop table Book if exists
drop table Disc if exists
create table Book (Isbn varchar(255) not null, title varchar(255), Author varchar(255), primary key (Isbn))
create table Disc (Barcode varchar(255) not null, title varchar(255), Director varchar(255), Fsk integer, primary key (Barcode))
INSERT INTO DISC VALUES('abcde','','director',0)
COMMIT
INSERT INTO BOOK VALUES('abcde','','')
COMMIT
/*C9*/SET SCHEMA PUBLIC
drop table Book if exists
drop table Disc if exists
create table Book (Isbn varchar(255) not null, title varchar(255), Author varchar(255), primary key (Isbn))
create table Disc (Barcode varchar(255) not null, title varchar(255), Director varchar(255), Fsk integer, primary key (Barcode))
